<?xml version="1.0" encoding="UTF-8"?>
<!-- Generated by org.testng.reporters.JUnitXMLReporter -->
<testsuite ignored="0" hostname="DESKTOP-T7OQV3P" failures="0" tests="5" name="passenger-count-3" time="0.125" errors="0" timestamp="2026-02-13T17:41:57 IST">
  <testcase classname="Tests.flightreservation.flightReservation" name="userRegistrationTest" time="0.0">
    <skipped/>
  </testcase> <!-- userRegistrationTest -->
  <testcase classname="Tests.flightreservation.flightReservation" name="registrationConfirmationTest" time="0.0">
    <skipped/>
  </testcase> <!-- registrationConfirmationTest -->
  <testcase classname="Tests.flightreservation.flightReservation" name="flightSearchTest" time="0.0">
    <skipped/>
  </testcase> <!-- flightSearchTest -->
  <testcase classname="Tests.flightreservation.flightReservation" name="selectFlightTest" time="0.0">
    <skipped/>
  </testcase> <!-- selectFlightTest -->
  <testcase classname="Tests.flightreservation.flightReservation" name="flightConfirmationTest" time="0.0">
    <skipped/>
  </testcase> <!-- flightConfirmationTest -->
</testsuite> <!-- passenger-count-3 -->
