<?xml version="1.0" encoding="UTF-8"?>
<!-- Generated by org.testng.reporters.JUnitXMLReporter -->
<testsuite ignored="0" hostname="DESKTOP-T7OQV3P" failures="0" tests="3" name="Test3" time="18.225" errors="0" timestamp="2026-02-23T19:04:37 IST">
  <testcase classname="Tests.vendorPortal.VendorPortalTest" name="loginPortal" time="0.0">
    <skipped/>
  </testcase> <!-- loginPortal -->
  <testcase classname="Tests.vendorPortal.VendorPortalTest" name="DashboardPage" time="0.0">
    <skipped/>
  </testcase> <!-- DashboardPage -->
  <testcase classname="Tests.vendorPortal.VendorPortalTest" name="logout" time="0.0">
    <skipped/>
  </testcase> <!-- logout -->
</testsuite> <!-- Test3 -->
