<?xml version="1.0" encoding="UTF-8"?>
<!-- Generated by org.testng.reporters.JUnitXMLReporter -->
<testsuite ignored="0" hostname="DESKTOP-T7OQV3P" failures="0" tests="3" name="Test1" time="21.464" errors="0" timestamp="2026-02-23T19:04:38 IST">
  <testcase classname="Tests.vendorPortal.VendorPortalTest" name="@BeforeTest setPageObjects" time="0.006">
    <failure type="java.lang.NullPointerException">
      <![CDATA[java.lang.NullPointerException
at java.base/java.util.Objects.requireNonNull(Objects.java:233)
at java.base/java.util.ImmutableCollections$Map1.<init>(ImmutableCollections.java:1112)
at java.base/java.util.Map.of(Map.java:1365)
at org.openqa.selenium.remote.DriverCommand.GET(DriverCommand.java:176)
at org.openqa.selenium.remote.RemoteWebDriver.get(RemoteWebDriver.java:312)
at Tests.vendorPortal.VendorPortalTest.setPageObjects(VendorPortalTest.java:25)
at java.base/java.util.concurrent.FutureTask.run(FutureTask.java:317)
at java.base/java.util.concurrent.ThreadPoolExecutor.runWorker(ThreadPoolExecutor.java:1144)
at java.base/java.util.concurrent.ThreadPoolExecutor$Worker.run(ThreadPoolExecutor.java:642)
at java.base/java.lang.Thread.run(Thread.java:1583)
... Removed 12 stack frames]]>
    </failure>
  </testcase> <!-- @BeforeTest setPageObjects -->
  <testcase classname="Tests.flightreservation.AbstractTest" name="@AfterTest tearDown" time="0.0">
    <skipped/>
  </testcase> <!-- @AfterTest tearDown -->
  <testcase classname="Tests.vendorPortal.VendorPortalTest" name="loginPortal" time="0.0">
    <skipped/>
  </testcase> <!-- loginPortal -->
  <testcase classname="Tests.vendorPortal.VendorPortalTest" name="DashboardPage" time="0.0">
    <skipped/>
  </testcase> <!-- DashboardPage -->
  <testcase classname="Tests.vendorPortal.VendorPortalTest" name="logout" time="0.001">
    <skipped/>
  </testcase> <!-- logout -->
</testsuite> <!-- Test1 -->
