<?xml version="1.0" encoding="UTF-8"?>
<!-- Generated by org.testng.reporters.JUnitXMLReporter -->
<testsuite ignored="0" hostname="DESKTOP-T7OQV3P" failures="1" tests="3" name="Test3" time="19.669" errors="0" timestamp="2026-02-16T20:53:08 IST">
  <testcase classname="Tests.vendorPortal.VendorPortalTest" name="loginPortal" time="1.602"/>
  <testcase classname="Tests.vendorPortal.VendorPortalTest" name="DashboardPage" time="4.076">
    <failure type="java.lang.AssertionError" message="expected [$215,000] but found [$563,300]">
      <![CDATA[java.lang.AssertionError: expected [$215,000] but found [$563,300]
at Tests.vendorPortal.VendorPortalTest.DashboardPage(VendorPortalTest.java:41)
at java.base/java.util.ArrayList.forEach(ArrayList.java:1511)
at java.base/java.util.concurrent.FutureTask.run(FutureTask.java:264)
at java.base/java.util.concurrent.ThreadPoolExecutor.runWorker(ThreadPoolExecutor.java:1136)
at java.base/java.util.concurrent.ThreadPoolExecutor$Worker.run(ThreadPoolExecutor.java:635)
at java.base/java.lang.Thread.run(Thread.java:842)
... Removed 23 stack frames]]>
    </failure>
  </testcase> <!-- DashboardPage -->
  <testcase classname="Tests.vendorPortal.VendorPortalTest" name="logout" time="0.0">
    <skipped/>
  </testcase> <!-- logout -->
</testsuite> <!-- Test3 -->
