<?xml version="1.0" encoding="UTF-8"?>
<!-- Generated by org.testng.reporters.JUnitXMLReporter -->
<testsuite ignored="0" hostname="DESKTOP-T7OQV3P" failures="0" tests="3" name="Test" time="48.433" errors="0" timestamp="2026-02-16T20:53:37 IST">
  <testcase classname="Tests.vendorPortal.VendorPortalTest" name="loginPortal" time="1.362"/>
  <testcase classname="Tests.vendorPortal.VendorPortalTest" name="DashboardPage" time="2.785"/>
  <testcase classname="Tests.vendorPortal.VendorPortalTest" name="logout" time="2.203"/>
</testsuite> <!-- Test -->
